-----------------------------------------------------------------
[7708] 2018/10/18 15:23:58.112 SKReplyLib_ConnectByID( F127624215 )
[7708] 2018/10/18 15:23:58.334 >> Host srvsolace-fg.capital.com.tw
[7708] 2018/10/18 15:24:00.678 連線
[7708] 2018/10/18 15:24:00.779 SK_SUBJECT_CONNECTION_CONNECTED，Code: 0
[7708] 2018/10/18 15:24:00.812 GetFutureOrderID
[7708] 2018/10/18 15:24:00.813 RequestFutureCount
[7708] 2018/10/18 15:24:00.813 SKReplyLib_ConnectByID Solace 
[7708] 2018/10/18 15:24:00.823 OnSolaceReplyConnection，ID: F127624215 , Code: 0
[7708] 2018/10/18 15:24:00.824 
[7708] 2018/10/18 15:24:00.904 [S04] Done
[7708] 2018/10/18 15:24:00.904 RequestFutureCatalog
[7708] 2018/10/18 15:24:01.045 [S06] Done
[7708] 2018/10/18 15:24:01.045 RequestFutureOrderID
[7708] 2018/10/18 15:24:03.513 [S27] Done
[7708] 2018/10/18 15:24:03.675 Market:R1 Status:2
[7708] 2018/10/18 15:24:03.675 reset:R1/F127624215/P
[7708] 2018/10/18 15:24:03.675 reset:R1/F127624215/O
[7708] 2018/10/18 15:24:03.675 reset:R1/F127624215/D
[7708] 2018/10/18 15:24:03.733 Market:R21 Status:2
[7708] 2018/10/18 15:24:03.733 reset:R21/F127624215/S
[7708] 2018/10/18 15:24:03.785 Market:R22 Status:2
[7708] 2018/10/18 15:24:03.785 reset:R22/F127624215/S
[7708] 2018/10/18 15:24:03.829 Market:R2 Status:2
[7708] 2018/10/18 15:24:03.829 reset:R2/F127624215/P
[7708] 2018/10/18 15:24:03.829 reset:R2/F127624215/O
[7708] 2018/10/18 15:24:03.829 reset:R2/F127624215/D
[7708] 2018/10/18 15:24:03.869 Market:R20 Status:2
[7708] 2018/10/18 15:24:03.869 reset:R20/F127624215/S
[7708] 2018/10/18 15:24:03.908 Market:R3 Status:2
[7708] 2018/10/18 15:24:03.908 reset:R3/F127624215/P
[7708] 2018/10/18 15:24:03.908 reset:R3/F127624215/O
[7708] 2018/10/18 15:24:03.908 reset:R3/F127624215/D
[7708] 2018/10/18 15:24:03.954 Market:R4 Status:2
[7708] 2018/10/18 15:24:03.954 reset:R4/F127624215/O
[7708] 2018/10/18 15:24:03.954 reset:R4/F127624215/D
[7708] 2018/10/18 15:24:03.997 [R02]-Start
[7708] 2018/10/18 15:24:03.997 [R02]R1/F127624215/P,R1/F127624215/O,R1/F127624215/D
[7708] 2018/10/18 15:24:03.997 訂完整cache:R1/F127624215/P
[7708] 2018/10/18 15:24:03.997 訂完整cache:R1/F127624215/O
[7708] 2018/10/18 15:24:03.997 訂完整cache:R1/F127624215/D
[7708] 2018/10/18 15:24:03.997 [R02]-End
[7708] 2018/10/18 15:24:03.997 [R02]-Start
[7708] 2018/10/18 15:24:03.997 [R02]R21/F127624215/S
[7708] 2018/10/18 15:24:03.997 訂完整cache:R21/F127624215/S
[7708] 2018/10/18 15:24:03.997 [R02]-End
[7708] 2018/10/18 15:24:03.997 [R02]-Start
[7708] 2018/10/18 15:24:03.997 [R02]R22/F127624215/S
[7708] 2018/10/18 15:24:03.997 訂完整cache:R22/F127624215/S
[7708] 2018/10/18 15:24:03.997 [R02]-End
[7708] 2018/10/18 15:24:03.997 [R02]-Start
[7708] 2018/10/18 15:24:03.997 [R02]R2/F127624215/P,R2/F127624215/O,R2/F127624215/D
[7708] 2018/10/18 15:24:03.997 訂完整cache:R2/F127624215/P
[7708] 2018/10/18 15:24:03.997 訂完整cache:R2/F127624215/O
[7708] 2018/10/18 15:24:03.997 訂完整cache:R2/F127624215/D
[7708] 2018/10/18 15:24:03.997 [R02]-End
[7708] 2018/10/18 15:24:03.997 [R02]-Start
[7708] 2018/10/18 15:24:03.997 [R02]R20/F127624215/S
[7708] 2018/10/18 15:24:03.997 訂完整cache:R20/F127624215/S
[7708] 2018/10/18 15:24:03.997 [R02]-End
[7708] 2018/10/18 15:24:03.997 [R02]-Start
[7708] 2018/10/18 15:24:03.997 [R02]R3/F127624215/P,R3/F127624215/O,R3/F127624215/D
[7708] 2018/10/18 15:24:03.997 訂完整cache:R3/F127624215/P
[7708] 2018/10/18 15:24:03.997 訂完整cache:R3/F127624215/O
[7708] 2018/10/18 15:24:03.997 訂完整cache:R3/F127624215/D
[7708] 2018/10/18 15:24:03.997 [R02]-End
[7708] 2018/10/18 15:24:04.027 [R02]-Start
[7708] 2018/10/18 15:24:04.027 [R02]R4/F127624215/O,R4/F127624215/D
[7708] 2018/10/18 15:24:04.027 訂完整cache:R4/F127624215/O
[7708] 2018/10/18 15:24:04.027 訂完整cache:R4/F127624215/D
[7708] 2018/10/18 15:24:04.027 [R02]-End
[7708] 2018/10/18 15:24:04.217 OnComplete()
